<?xml version="1.0" encoding="UTF-8"?>
<!-- Generated by org.testng.reporters.JUnitReportReporter -->
<testsuite hostname="Sainath55" name="day5NG.Rediff_Test" tests="1" failures="0" timestamp="1 Aug 2020 16:24:08 GMT" time="14.388" errors="0">
  <testcase name="f" time="14.388" classname="day5NG.Rediff_Test"/>
</testsuite> <!-- day5NG.Rediff_Test -->
