<?xml version="1.0" encoding="UTF-8"?>
<!-- Generated by org.testng.reporters.JUnitReportReporter -->
<testsuite hostname="Sainath55" name="day8.SuggestionRunner" tests="1" failures="0" timestamp="29 Jul 2020 07:44:17 GMT" time="23.956" errors="0">
  <testcase name="f" time="23.956" classname="day8.SuggestionRunner"/>
</testsuite> <!-- day8.SuggestionRunner -->
