<?xml version="1.0" encoding="UTF-8"?>
<!-- Generated by org.testng.reporters.JUnitReportReporter -->
<testsuite hostname="Sainath55" name="day7.PropertyFileExample" tests="2" failures="0" timestamp="28 Jul 2020 06:34:33 GMT" time="5.556" errors="0">
  <testcase name="f" time="0.005" classname="day7.PropertyFileExample"/>
  <testcase name="propertyTest" time="5.551" classname="day7.PropertyFileExample"/>
</testsuite> <!-- day7.PropertyFileExample -->
