<?xml version="1.0" encoding="UTF-8"?>
<!-- Generated by org.testng.reporters.JUnitReportReporter -->
<testsuite hostname="Sainath55" name="day5NG.Color_Test" tests="1" failures="0" timestamp="24 Jul 2020 10:19:35 GMT" time="3.803" errors="0">
  <testcase name="verifyColor" time="3.803" classname="day5NG.Color_Test"/>
</testsuite> <!-- day5NG.Color_Test -->
