<?xml version="1.0" encoding="UTF-8"?>
<!-- Generated by org.testng.reporters.JUnitReportReporter -->
<testsuite hostname="Sainath55" name="day5NG.All_Annotations" tests="3" failures="0" timestamp="14 Mar 2022 12:08:15 GMT" time="0.008" errors="0">
  <testcase name="f1" time="0.006" classname="day5NG.All_Annotations"/>
  <testcase name="f2" time="0.001" classname="day5NG.All_Annotations"/>
  <testcase name="f3" time="0.001" classname="day5NG.All_Annotations"/>
</testsuite> <!-- day5NG.All_Annotations -->
