<?xml version="1.0" encoding="UTF-8"?>
<!-- Generated by org.testng.reporters.JUnitReportReporter -->
<testsuite hostname="Sainath55" name="day7.keyWordRunner" tests="1" failures="0" timestamp="28 Jul 2020 09:12:51 GMT" time="11.745" errors="0">
  <testcase name="f" time="11.745" classname="day7.keyWordRunner"/>
</testsuite> <!-- day7.keyWordRunner -->
