<?xml version="1.0" encoding="UTF-8"?>
<!-- Generated by org.testng.reporters.JUnitReportReporter -->
<testsuite hostname="Sainath55" name="day8.POM_Runner" tests="6" failures="0" timestamp="29 Jul 2020 06:35:09 GMT" time="19.469" errors="0">
  <testcase name="loginTest" time="9.929" classname="day8.POM_Runner"/>
  <testcase name="forgetPageTest" time="1.630" classname="day8.POM_Runner"/>
  <testcase name="f" time="0.007" classname="day8.POM_Runner"/>
  <testcase name="forgetPageCancelTest" time="1.062" classname="day8.POM_Runner"/>
  <testcase name="logoutTest" time="1.828" classname="day8.POM_Runner"/>
  <testcase name="loginPageTest" time="5.013" classname="day8.POM_Runner"/>
</testsuite> <!-- day8.POM_Runner -->
